app/build/intermediates/manifest_merge_blame_file/debug/manifest-merger-blame-debug-report.txt
1<?xml version="1.0" encoding="utf-8"?>
2<manifest xmlns:android="http://schemas.android.com/apk/res/android"
3    package="com.epassafe.upm"
4    android:versionCode="35"
5    android:versionName="3.5" >
6
7    <uses-sdk
8        android:minSdkVersion="24"
9        android:targetSdkVersion="33" />
10
11    <application
11-->src/main/AndroidManifest.xml:7:5-68:19
12        android:name="com.epassafe.upm.UPMApplication"
12-->src/main/AndroidManifest.xml:9:18-47
13        android:allowBackup="false"
13-->src/main/AndroidManifest.xml:14:18-45
14        android:clearTaskOnLaunch="true"
14-->src/main/AndroidManifest.xml:11:18-50
15        android:debuggable="true"
16        android:enableOnBackInvokedCallback="false"
16-->src/main/AndroidManifest.xml:16:18-61
17        android:extractNativeLibs="false"
18        android:icon="@drawable/upm_hd"
18-->src/main/AndroidManifest.xml:7:18-49
19        android:label="@string/app_name_short"
19-->src/main/AndroidManifest.xml:8:18-56
20        android:launchMode="singleInstance"
20-->src/main/AndroidManifest.xml:10:18-53
21        android:requestLegacyExternalStorage="true"
21-->src/main/AndroidManifest.xml:15:18-61
22        android:stateNotNeeded="true"
22-->src/main/AndroidManifest.xml:12:18-47
23        android:testOnly="true" >
24        <activity
24-->src/main/AndroidManifest.xml:17:9-25:20
25            android:name="com.epassafe.upm.AppEntryActivity"
25-->src/main/AndroidManifest.xml:17:19-51
26            android:exported="true" >
26-->src/main/AndroidManifest.xml:18:13-36
27            <intent-filter>
27-->src/main/AndroidManifest.xml:19:13-24:29
28                <action android:name="android.intent.action.MAIN" />
28-->src/main/AndroidManifest.xml:20:17-69
28-->src/main/AndroidManifest.xml:20:25-66
29
30                <category android:name="android.intent.category.HOME" />
30-->src/main/AndroidManifest.xml:21:17-72
30-->src/main/AndroidManifest.xml:21:27-70
31                <category android:name="android.intent.category.DEFAULT" />
31-->src/main/AndroidManifest.xml:22:17-76
31-->src/main/AndroidManifest.xml:22:27-73
32                <category android:name="android.intent.category.LAUNCHER" />
32-->src/main/AndroidManifest.xml:23:17-77
32-->src/main/AndroidManifest.xml:23:27-74
33            </intent-filter>
34        </activity>
35        <activity android:name="com.epassafe.upm.EnterMasterPassword" >
35-->src/main/AndroidManifest.xml:27:9-28:20
35-->src/main/AndroidManifest.xml:27:19-54
36        </activity>
37        <activity android:name="com.epassafe.upm.FullAccountList" >
37-->src/main/AndroidManifest.xml:30:9-33:20
37-->src/main/AndroidManifest.xml:30:19-50
38            <meta-data
38-->src/main/AndroidManifest.xml:31:13-32:57
39                android:name="android.app.default_searchable"
39-->src/main/AndroidManifest.xml:31:24-69
40                android:value=".SearchResults" />
40-->src/main/AndroidManifest.xml:32:24-54
41        </activity>
42        <activity android:name="com.epassafe.upm.ViewAccountDetails" >
42-->src/main/AndroidManifest.xml:35:9-36:20
42-->src/main/AndroidManifest.xml:35:19-53
43        </activity>
44        <activity android:name="com.epassafe.upm.CreateNewDatabase" >
44-->src/main/AndroidManifest.xml:38:9-39:20
44-->src/main/AndroidManifest.xml:38:19-52
45        </activity>
46        <activity android:name="com.epassafe.upm.AddEditAccount" >
46-->src/main/AndroidManifest.xml:41:9-42:20
46-->src/main/AndroidManifest.xml:41:19-49
47        </activity>
48        <activity android:name="com.epassafe.upm.ChangeMasterPassword" >
48-->src/main/AndroidManifest.xml:44:9-45:20
48-->src/main/AndroidManifest.xml:44:19-55
49        </activity>
50        <activity android:name="com.epassafe.upm.EasterEgg" >
50-->src/main/AndroidManifest.xml:47:9-48:20
50-->src/main/AndroidManifest.xml:47:19-44
51        </activity>
52        <activity android:name="com.epassafe.upm.PassGenerator" >
52-->src/main/AndroidManifest.xml:50:9-51:20
52-->src/main/AndroidManifest.xml:50:19-48
53        </activity>
54        <activity android:name="com.epassafe.upm.GenPrefs" >
54-->src/main/AndroidManifest.xml:53:9-54:20
54-->src/main/AndroidManifest.xml:53:19-43
55        </activity>
56        <activity
56-->src/main/AndroidManifest.xml:56:9-66:20
57            android:name="com.epassafe.upm.SearchResults"
57-->src/main/AndroidManifest.xml:56:19-48
58            android:exported="false"
58-->src/main/AndroidManifest.xml:59:19-43
59            android:label="@string/search_results"
59-->src/main/AndroidManifest.xml:57:19-57
60            android:launchMode="singleTop" >
60-->src/main/AndroidManifest.xml:58:19-49
61            <intent-filter>
61-->src/main/AndroidManifest.xml:60:13-62:29
62                <action android:name="android.intent.action.SEARCH" />
62-->src/main/AndroidManifest.xml:61:17-70
62-->src/main/AndroidManifest.xml:61:25-68
63            </intent-filter>
64
65            <meta-data
65-->src/main/AndroidManifest.xml:64:13-65:60
66                android:name="android.app.searchable"
66-->src/main/AndroidManifest.xml:64:24-61
67                android:resource="@xml/searchable" />
67-->src/main/AndroidManifest.xml:65:24-58
68        </activity>
69    </application>
70
71</manifest>